2024-08-08 19:52:38,163 - INFO - Processing URL: https://www.wuxiabox.com/novel/6947206_5.html
2024-08-08 19:52:38,775 - INFO - Starting processing URL: https://www.wuxiabox.com/novel/6947206_5.html
2024-08-08 19:52:49,332 - INFO - Finished processing URL: https://www.wuxiabox.com/novel/6947206_5.html
2024-08-08 19:52:49,333 - INFO - Processing URL: https://www.wuxiabox.com/novel/6947206_6.html
2024-08-08 19:52:49,914 - INFO - Starting processing URL: https://www.wuxiabox.com/novel/6947206_6.html
2024-08-08 19:53:33,522 - INFO - Processing URL: https://www.wuxiabox.com/novel/immortal-palace-longevity_304.html
2024-08-08 19:53:44,172 - INFO - Starting processing URL: https://www.wuxiabox.com/novel/immortal-palace-longevity_304.html
2024-08-08 19:54:00,733 - INFO - Processing URL: https://www.wuxiabox.com/novel/immortal-palace-longevity_304.html
2024-08-08 19:54:01,480 - INFO - Starting processing URL: https://www.wuxiabox.com/novel/immortal-palace-longevity_304.html
2024-08-08 19:55:06,210 - INFO - Processing URL: https://www.wuxiabox.com/novel/immortal-palace-longevity_304.html
2024-08-08 19:55:07,641 - INFO - Starting processing URL: https://www.wuxiabox.com/novel/immortal-palace-longevity_304.html
2024-08-08 19:55:29,669 - INFO - Processing URL: https://www.wuxiabox.com/novel/immortal-palace-longevity_3.html
2024-08-08 19:55:30,346 - INFO - Starting processing URL: https://www.wuxiabox.com/novel/immortal-palace-longevity_3.html
2024-08-08 19:55:38,740 - INFO - Finished processing URL: https://www.wuxiabox.com/novel/immortal-palace-longevity_3.html
2024-08-08 19:55:38,740 - INFO - Processing URL: https://www.wuxiabox.com/novel/immortal-palace-longevity_4.html
2024-08-08 19:55:44,171 - INFO - Processing URL: https://www.wuxiabox.com/novel/immortal-palace-longevity_304.html
2024-08-08 19:55:50,378 - INFO - Starting processing URL: https://www.wuxiabox.com/novel/immortal-palace-longevity_304.html
2024-08-08 20:05:24,881 - INFO - Processing URL: https://www.wuxiabox.com/novel/immortal-palace-longevity_305.html
2024-08-08 20:05:26,117 - INFO - Starting processing URL: https://www.wuxiabox.com/novel/immortal-palace-longevity_305.html
2024-08-11 00:42:45,625 - INFO - Processing URL: https://www.wuxiabox.com/novel/my-longevity-simulation_42.html
2024-08-11 00:42:46,260 - INFO - Starting processing URL: https://www.wuxiabox.com/novel/my-longevity-simulation_42.html
2024-08-11 00:49:57,551 - INFO - Finished processing URL: https://www.wuxiabox.com/novel/my-longevity-simulation_42.html
2024-08-11 00:49:57,551 - INFO - Processing URL: https://www.wuxiabox.com/novel/my-longevity-simulation_43.html
2024-08-11 00:49:57,998 - INFO - Starting processing URL: https://www.wuxiabox.com/novel/my-longevity-simulation_43.html
2024-08-11 00:56:54,464 - INFO - Finished processing URL: https://www.wuxiabox.com/novel/my-longevity-simulation_43.html
2024-08-11 00:56:54,464 - INFO - Processing URL: https://www.wuxiabox.com/novel/my-longevity-simulation_44.html
2024-08-11 01:09:15,316 - INFO - Processing URL: https://www.wuxiabox.com/novel/my-longevity-simulation_45.html
2024-08-11 01:09:15,769 - INFO - Starting processing URL: https://www.wuxiabox.com/novel/my-longevity-simulation_45.html
2024-08-11 02:31:40,627 - INFO - Processing URL: https://www.wuxiabox.com/novel/quan8046_1.html
2024-08-11 02:31:41,252 - INFO - Starting processing URL: https://www.wuxiabox.com/novel/quan8046_1.html
2024-08-11 02:40:55,791 - INFO - Finished processing URL: https://www.wuxiabox.com/novel/quan8046_1.html
2024-08-11 02:40:55,792 - INFO - Processing URL: https://www.wuxiabox.com/novel/quan8046_2.html
2024-08-11 02:40:56,426 - INFO - Starting processing URL: https://www.wuxiabox.com/novel/quan8046_2.html
2024-08-11 02:48:55,951 - INFO - Finished processing URL: https://www.wuxiabox.com/novel/quan8046_2.html
2024-08-11 02:48:55,951 - INFO - Processing URL: https://www.wuxiabox.com/novel/quan8046_3.html
2024-08-11 02:48:56,354 - INFO - Starting processing URL: https://www.wuxiabox.com/novel/quan8046_3.html
2024-08-11 03:27:21,879 - INFO - Processing URL: https://www.wuxiabox.com/novel/farming-in-the-immortal-mansion_1.html
2024-08-11 03:27:23,262 - INFO - Starting processing URL: https://www.wuxiabox.com/novel/farming-in-the-immortal-mansion_1.html
2024-08-11 03:39:37,902 - INFO - Finished processing URL: https://www.wuxiabox.com/novel/farming-in-the-immortal-mansion_1.html
2024-08-11 03:39:37,903 - INFO - Processing URL: https://www.wuxiabox.com/novel/farming-in-the-immortal-mansion_2.html
2024-08-11 18:53:14,495 - INFO - Processing URL: https://www.wuxiav.com/novel/killing-evolution-from-a-sword_45.html
2024-08-11 18:53:15,856 - INFO - Starting processing URL: https://www.wuxiav.com/novel/killing-evolution-from-a-sword_45.html
2024-08-11 18:58:57,474 - INFO - Finished processing URL: https://www.wuxiav.com/novel/killing-evolution-from-a-sword_45.html
2024-08-11 18:58:57,475 - INFO - Processing URL: https://www.wuxiav.com/novel/killing-evolution-from-a-sword_46.html
2024-08-11 18:59:04,552 - INFO - Starting processing URL: https://www.wuxiav.com/novel/killing-evolution-from-a-sword_46.html
2024-08-11 19:04:47,868 - INFO - Finished processing URL: https://www.wuxiav.com/novel/killing-evolution-from-a-sword_46.html
2024-08-11 19:04:47,868 - INFO - Processing URL: https://www.wuxiav.com/novel/killing-evolution-from-a-sword_47.html
2024-08-11 19:04:53,814 - INFO - Starting processing URL: https://www.wuxiav.com/novel/killing-evolution-from-a-sword_47.html
2024-08-11 19:10:49,661 - INFO - Finished processing URL: https://www.wuxiav.com/novel/killing-evolution-from-a-sword_47.html
2024-08-11 19:10:49,661 - INFO - Processing URL: https://www.wuxiav.com/novel/killing-evolution-from-a-sword_48.html
2024-08-11 19:10:55,427 - INFO - Starting processing URL: https://www.wuxiav.com/novel/killing-evolution-from-a-sword_48.html
2024-08-11 19:12:55,666 - INFO - Processing URL: https://www.wuxiav.com/novel/killing-evolution-from-a-sword_45.html
2024-08-11 19:12:58,043 - INFO - Starting processing URL: https://www.wuxiav.com/novel/killing-evolution-from-a-sword_45.html
2024-08-11 19:13:30,885 - INFO - Processing URL: https://www.wuxiav.com/novel/killing-evolution-from-a-sword_45.html
2024-08-11 19:13:34,547 - INFO - Starting processing URL: https://www.wuxiav.com/novel/killing-evolution-from-a-sword_45.html
2024-08-11 19:14:43,062 - INFO - Processing URL: https://www.wuxiav.com/novel/killing-evolution-from-a-sword_48.html
2024-08-11 19:14:44,931 - INFO - Starting processing URL: https://www.wuxiav.com/novel/killing-evolution-from-a-sword_48.html
2024-08-11 19:20:26,209 - INFO - Finished processing URL: https://www.wuxiav.com/novel/killing-evolution-from-a-sword_48.html
2024-08-11 19:20:26,210 - INFO - Processing URL: https://www.wuxiav.com/novel/killing-evolution-from-a-sword_49.html
2024-08-11 19:20:38,332 - INFO - Starting processing URL: https://www.wuxiav.com/novel/killing-evolution-from-a-sword_49.html
2024-08-11 19:26:16,896 - INFO - Finished processing URL: https://www.wuxiav.com/novel/killing-evolution-from-a-sword_49.html
2024-08-11 19:26:16,897 - INFO - Processing URL: https://www.wuxiav.com/novel/killing-evolution-from-a-sword_50.html
2024-08-11 19:26:22,032 - INFO - Starting processing URL: https://www.wuxiav.com/novel/killing-evolution-from-a-sword_50.html
2024-08-11 19:32:14,199 - INFO - Finished processing URL: https://www.wuxiav.com/novel/killing-evolution-from-a-sword_50.html
2024-08-11 19:32:14,200 - INFO - Processing URL: https://www.wuxiav.com/novel/killing-evolution-from-a-sword_51.html
2024-08-11 19:32:15,804 - INFO - Starting processing URL: https://www.wuxiav.com/novel/killing-evolution-from-a-sword_51.html
2024-08-11 19:38:02,873 - INFO - Finished processing URL: https://www.wuxiav.com/novel/killing-evolution-from-a-sword_51.html
2024-08-11 19:38:02,873 - INFO - Processing URL: https://www.wuxiav.com/novel/killing-evolution-from-a-sword_52.html
2024-08-11 19:38:04,165 - INFO - Starting processing URL: https://www.wuxiav.com/novel/killing-evolution-from-a-sword_52.html
2024-08-11 19:43:53,423 - INFO - Finished processing URL: https://www.wuxiav.com/novel/killing-evolution-from-a-sword_52.html
2024-08-11 19:43:53,423 - INFO - Processing URL: https://www.wuxiav.com/novel/killing-evolution-from-a-sword_53.html
2024-08-11 19:43:55,084 - INFO - Starting processing URL: https://www.wuxiav.com/novel/killing-evolution-from-a-sword_53.html
2024-08-11 20:05:18,354 - INFO - Processing URL: https://www.wuxiav.com/novel/killing-evolution-from-a-sword_55.html
2024-08-11 20:05:19,803 - INFO - Starting processing URL: https://www.wuxiav.com/novel/killing-evolution-from-a-sword_55.html
2024-08-11 20:11:24,193 - INFO - Finished processing URL: https://www.wuxiav.com/novel/killing-evolution-from-a-sword_55.html
2024-08-11 20:11:24,193 - INFO - Processing URL: https://www.wuxiav.com/novel/killing-evolution-from-a-sword_56.html
2024-08-11 20:11:25,274 - INFO - Starting processing URL: https://www.wuxiav.com/novel/killing-evolution-from-a-sword_56.html
2024-08-11 20:16:51,579 - INFO - Finished processing URL: https://www.wuxiav.com/novel/killing-evolution-from-a-sword_56.html
2024-08-11 20:16:51,579 - INFO - Processing URL: https://www.wuxiav.com/novel/killing-evolution-from-a-sword_57.html
2024-08-11 20:16:52,764 - INFO - Starting processing URL: https://www.wuxiav.com/novel/killing-evolution-from-a-sword_57.html
2024-08-11 20:23:02,917 - INFO - Finished processing URL: https://www.wuxiav.com/novel/killing-evolution-from-a-sword_57.html
2024-08-11 20:23:02,917 - INFO - Processing URL: https://www.wuxiav.com/novel/killing-evolution-from-a-sword_58.html
2024-08-11 20:23:04,267 - INFO - Starting processing URL: https://www.wuxiav.com/novel/killing-evolution-from-a-sword_58.html
2024-08-11 20:24:06,072 - INFO - Processing URL: https://www.wuxiabox.com/novel/infinite-battle_1.html
2024-08-11 20:24:06,641 - INFO - Starting processing URL: https://www.wuxiabox.com/novel/infinite-battle_1.html
2024-08-13 20:26:19,719 - INFO - Processing URL: https://www.wuxiabox.com/novel/mortal-cultivation-portable-space_8.html
2024-08-13 20:26:20,331 - INFO - Starting processing URL: https://www.wuxiabox.com/novel/mortal-cultivation-portable-space_8.html
2024-08-13 20:32:42,344 - INFO - Finished processing URL: https://www.wuxiabox.com/novel/mortal-cultivation-portable-space_8.html
2024-08-13 20:32:42,344 - INFO - Processing URL: https://www.wuxiabox.com/novel/mortal-cultivation-portable-space_9.html
2024-08-13 20:32:42,999 - INFO - Starting processing URL: https://www.wuxiabox.com/novel/mortal-cultivation-portable-space_9.html
2024-08-13 20:33:24,900 - INFO - Finished processing URL: https://www.wuxiabox.com/novel/mortal-cultivation-portable-space_9.html
2024-08-13 20:33:24,900 - INFO - Processing URL: https://www.wuxiabox.com/novel/mortal-cultivation-portable-space_10.html
2024-08-13 20:33:25,620 - INFO - Starting processing URL: https://www.wuxiabox.com/novel/mortal-cultivation-portable-space_10.html
2024-08-13 20:47:54,546 - INFO - Processing URL: https://www.wuxiabox.com/novel/mortal-cultivation-portable-space_10.html
2024-08-13 20:47:55,131 - INFO - Starting processing URL: https://www.wuxiabox.com/novel/mortal-cultivation-portable-space_10.html
2024-08-13 20:54:21,290 - INFO - Finished processing URL: https://www.wuxiabox.com/novel/mortal-cultivation-portable-space_10.html
2024-08-13 20:54:21,291 - INFO - Processing URL: https://www.wuxiabox.com/novel/mortal-cultivation-portable-space_11.html
2024-08-13 20:54:22,001 - INFO - Starting processing URL: https://www.wuxiabox.com/novel/mortal-cultivation-portable-space_11.html
2024-08-13 22:11:40,587 - INFO - Processing URL: https://www.wuxiabox.com/novel/mortal-cultivation-portable-space_11.html
2024-08-13 22:11:41,826 - INFO - Starting processing URL: https://www.wuxiabox.com/novel/mortal-cultivation-portable-space_11.html
2024-08-13 22:20:10,549 - INFO - Finished processing URL: https://www.wuxiabox.com/novel/mortal-cultivation-portable-space_11.html
2024-08-13 22:20:10,549 - INFO - Processing URL: https://www.wuxiabox.com/novel/mortal-cultivation-portable-space_12.html
2024-08-13 22:20:11,528 - INFO - Starting processing URL: https://www.wuxiabox.com/novel/mortal-cultivation-portable-space_12.html
2024-08-13 22:27:46,153 - INFO - Finished processing URL: https://www.wuxiabox.com/novel/mortal-cultivation-portable-space_12.html
2024-08-13 22:27:46,153 - INFO - Processing URL: https://www.wuxiabox.com/novel/mortal-cultivation-portable-space_13.html
2024-08-13 22:27:46,842 - INFO - Starting processing URL: https://www.wuxiabox.com/novel/mortal-cultivation-portable-space_13.html
2024-08-13 22:33:20,960 - INFO - Finished processing URL: https://www.wuxiabox.com/novel/mortal-cultivation-portable-space_13.html
2024-08-13 22:33:20,961 - INFO - Processing URL: https://www.wuxiabox.com/novel/mortal-cultivation-portable-space_14.html
2024-08-13 22:33:22,064 - INFO - Starting processing URL: https://www.wuxiabox.com/novel/mortal-cultivation-portable-space_14.html
2024-08-13 22:39:21,290 - INFO - Finished processing URL: https://www.wuxiabox.com/novel/mortal-cultivation-portable-space_14.html
2024-08-13 22:39:21,290 - INFO - Processing URL: https://www.wuxiabox.com/novel/mortal-cultivation-portable-space_15.html
2024-08-13 22:39:23,245 - INFO - Starting processing URL: https://www.wuxiabox.com/novel/mortal-cultivation-portable-space_15.html
2024-08-13 22:46:36,925 - INFO - Finished processing URL: https://www.wuxiabox.com/novel/mortal-cultivation-portable-space_15.html
2024-08-13 22:46:36,925 - INFO - Processing URL: https://www.wuxiabox.com/novel/mortal-cultivation-portable-space_16.html
2024-08-13 22:46:38,188 - INFO - Starting processing URL: https://www.wuxiabox.com/novel/mortal-cultivation-portable-space_16.html
2024-08-13 22:53:03,795 - INFO - Finished processing URL: https://www.wuxiabox.com/novel/mortal-cultivation-portable-space_16.html
2024-08-13 22:53:03,796 - INFO - Processing URL: https://www.wuxiabox.com/novel/mortal-cultivation-portable-space_17.html
2024-08-13 22:53:05,108 - INFO - Starting processing URL: https://www.wuxiabox.com/novel/mortal-cultivation-portable-space_17.html
2024-08-13 22:59:14,912 - INFO - Finished processing URL: https://www.wuxiabox.com/novel/mortal-cultivation-portable-space_17.html
2024-08-13 22:59:14,912 - INFO - Processing URL: https://www.wuxiabox.com/novel/mortal-cultivation-portable-space_18.html
2024-08-13 22:59:16,794 - INFO - Starting processing URL: https://www.wuxiabox.com/novel/mortal-cultivation-portable-space_18.html
2024-08-13 23:05:37,596 - INFO - Finished processing URL: https://www.wuxiabox.com/novel/mortal-cultivation-portable-space_18.html
2024-08-13 23:05:37,597 - INFO - Processing URL: https://www.wuxiabox.com/novel/mortal-cultivation-portable-space_19.html
2024-08-13 23:05:39,061 - INFO - Starting processing URL: https://www.wuxiabox.com/novel/mortal-cultivation-portable-space_19.html
2024-08-13 23:11:44,119 - INFO - Finished processing URL: https://www.wuxiabox.com/novel/mortal-cultivation-portable-space_19.html
2024-08-13 23:11:44,119 - INFO - Processing URL: https://www.wuxiabox.com/novel/mortal-cultivation-portable-space_20.html
2024-08-13 23:11:45,214 - INFO - Starting processing URL: https://www.wuxiabox.com/novel/mortal-cultivation-portable-space_20.html
2024-08-13 23:17:56,665 - INFO - Finished processing URL: https://www.wuxiabox.com/novel/mortal-cultivation-portable-space_20.html
2024-08-13 23:17:56,665 - INFO - Processing URL: https://www.wuxiabox.com/novel/mortal-cultivation-portable-space_21.html
2024-08-13 23:17:57,379 - INFO - Starting processing URL: https://www.wuxiabox.com/novel/mortal-cultivation-portable-space_21.html
2024-08-13 23:24:05,826 - INFO - Finished processing URL: https://www.wuxiabox.com/novel/mortal-cultivation-portable-space_21.html
2024-08-13 23:24:05,826 - INFO - Processing URL: https://www.wuxiabox.com/novel/mortal-cultivation-portable-space_22.html
2024-08-13 23:24:06,578 - INFO - Starting processing URL: https://www.wuxiabox.com/novel/mortal-cultivation-portable-space_22.html
2024-08-13 23:30:52,073 - INFO - Finished processing URL: https://www.wuxiabox.com/novel/mortal-cultivation-portable-space_22.html
2024-08-13 23:30:52,073 - INFO - Processing URL: https://www.wuxiabox.com/novel/mortal-cultivation-portable-space_23.html
2024-08-13 23:30:53,023 - INFO - Starting processing URL: https://www.wuxiabox.com/novel/mortal-cultivation-portable-space_23.html
2024-08-13 23:37:30,379 - INFO - Finished processing URL: https://www.wuxiabox.com/novel/mortal-cultivation-portable-space_23.html
2024-08-13 23:37:30,379 - INFO - Processing URL: https://www.wuxiabox.com/novel/mortal-cultivation-portable-space_24.html
2024-08-13 23:37:31,407 - INFO - Starting processing URL: https://www.wuxiabox.com/novel/mortal-cultivation-portable-space_24.html
2024-08-13 23:44:11,493 - INFO - Finished processing URL: https://www.wuxiabox.com/novel/mortal-cultivation-portable-space_24.html
2024-08-13 23:44:11,493 - INFO - Processing URL: https://www.wuxiabox.com/novel/mortal-cultivation-portable-space_25.html
2024-08-13 23:44:12,171 - INFO - Starting processing URL: https://www.wuxiabox.com/novel/mortal-cultivation-portable-space_25.html
2024-08-14 06:03:06,538 - INFO - Processing URL: https://www.wuxiabox.com/novel/mortal-cultivation-portable-space_78.html
2024-08-14 06:03:07,210 - INFO - Starting processing URL: https://www.wuxiabox.com/novel/mortal-cultivation-portable-space_78.html
2024-08-14 06:09:38,234 - INFO - Finished processing URL: https://www.wuxiabox.com/novel/mortal-cultivation-portable-space_78.html
2024-08-14 06:09:38,234 - INFO - Processing URL: https://www.wuxiabox.com/novel/mortal-cultivation-portable-space_79.html
2024-08-14 06:09:39,383 - INFO - Starting processing URL: https://www.wuxiabox.com/novel/mortal-cultivation-portable-space_79.html
2024-08-14 06:16:13,622 - INFO - Finished processing URL: https://www.wuxiabox.com/novel/mortal-cultivation-portable-space_79.html
2024-08-14 06:16:13,623 - INFO - Processing URL: https://www.wuxiabox.com/novel/mortal-cultivation-portable-space_80.html
2024-08-14 06:16:14,329 - INFO - Starting processing URL: https://www.wuxiabox.com/novel/mortal-cultivation-portable-space_80.html
2024-08-14 06:22:15,565 - INFO - Finished processing URL: https://www.wuxiabox.com/novel/mortal-cultivation-portable-space_80.html
2024-08-14 06:22:15,565 - INFO - Processing URL: https://www.wuxiabox.com/novel/mortal-cultivation-portable-space_81.html
2024-08-14 06:22:16,240 - INFO - Starting processing URL: https://www.wuxiabox.com/novel/mortal-cultivation-portable-space_81.html
2024-08-14 06:28:52,698 - INFO - Finished processing URL: https://www.wuxiabox.com/novel/mortal-cultivation-portable-space_81.html
2024-08-14 06:28:52,698 - INFO - Processing URL: https://www.wuxiabox.com/novel/mortal-cultivation-portable-space_82.html
2024-08-14 06:28:53,398 - INFO - Starting processing URL: https://www.wuxiabox.com/novel/mortal-cultivation-portable-space_82.html
2024-08-14 06:35:40,536 - INFO - Finished processing URL: https://www.wuxiabox.com/novel/mortal-cultivation-portable-space_82.html
2024-08-14 06:35:40,537 - INFO - Processing URL: https://www.wuxiabox.com/novel/mortal-cultivation-portable-space_83.html
2024-08-14 06:35:41,271 - INFO - Starting processing URL: https://www.wuxiabox.com/novel/mortal-cultivation-portable-space_83.html
2024-08-14 06:42:03,962 - INFO - Finished processing URL: https://www.wuxiabox.com/novel/mortal-cultivation-portable-space_83.html
2024-08-14 06:42:03,962 - INFO - Processing URL: https://www.wuxiabox.com/novel/mortal-cultivation-portable-space_84.html
2024-08-14 06:42:04,597 - INFO - Starting processing URL: https://www.wuxiabox.com/novel/mortal-cultivation-portable-space_84.html
2024-08-14 06:48:54,295 - INFO - Finished processing URL: https://www.wuxiabox.com/novel/mortal-cultivation-portable-space_84.html
2024-08-14 06:48:54,295 - INFO - Processing URL: https://www.wuxiabox.com/novel/mortal-cultivation-portable-space_85.html
2024-08-14 06:48:55,013 - INFO - Starting processing URL: https://www.wuxiabox.com/novel/mortal-cultivation-portable-space_85.html
2024-08-14 06:55:20,467 - INFO - Finished processing URL: https://www.wuxiabox.com/novel/mortal-cultivation-portable-space_85.html
2024-08-14 06:55:20,467 - INFO - Processing URL: https://www.wuxiabox.com/novel/mortal-cultivation-portable-space_86.html
2024-08-14 06:55:21,387 - INFO - Starting processing URL: https://www.wuxiabox.com/novel/mortal-cultivation-portable-space_86.html
2024-08-14 15:43:45,406 - INFO - Processing URL: https://www.wuxiabox.com/novel/mortal-cultivation-portable-space_119.html
2024-08-14 15:43:46,342 - INFO - Starting processing URL: https://www.wuxiabox.com/novel/mortal-cultivation-portable-space_119.html
2024-08-14 15:50:30,169 - INFO - Finished processing URL: https://www.wuxiabox.com/novel/mortal-cultivation-portable-space_119.html
2024-08-14 15:50:30,169 - INFO - Processing URL: https://www.wuxiabox.com/novel/mortal-cultivation-portable-space_120.html
2024-08-14 15:50:31,835 - INFO - Starting processing URL: https://www.wuxiabox.com/novel/mortal-cultivation-portable-space_120.html
2024-08-14 15:56:38,146 - INFO - Finished processing URL: https://www.wuxiabox.com/novel/mortal-cultivation-portable-space_120.html
2024-08-14 15:56:38,146 - INFO - Processing URL: https://www.wuxiabox.com/novel/mortal-cultivation-portable-space_121.html
2024-08-14 15:56:38,797 - INFO - Starting processing URL: https://www.wuxiabox.com/novel/mortal-cultivation-portable-space_121.html
2024-08-14 16:03:05,916 - INFO - Finished processing URL: https://www.wuxiabox.com/novel/mortal-cultivation-portable-space_121.html
2024-08-14 16:03:05,916 - INFO - Processing URL: https://www.wuxiabox.com/novel/mortal-cultivation-portable-space_122.html
2024-08-14 16:03:06,898 - INFO - Starting processing URL: https://www.wuxiabox.com/novel/mortal-cultivation-portable-space_122.html
2024-08-14 16:09:26,879 - INFO - Finished processing URL: https://www.wuxiabox.com/novel/mortal-cultivation-portable-space_122.html
2024-08-14 16:09:26,880 - INFO - Processing URL: https://www.wuxiabox.com/novel/mortal-cultivation-portable-space_123.html
2024-08-14 16:09:27,668 - INFO - Starting processing URL: https://www.wuxiabox.com/novel/mortal-cultivation-portable-space_123.html
2024-08-14 16:15:48,421 - INFO - Finished processing URL: https://www.wuxiabox.com/novel/mortal-cultivation-portable-space_123.html
2024-08-14 16:15:48,421 - INFO - Processing URL: https://www.wuxiabox.com/novel/mortal-cultivation-portable-space_124.html
2024-08-14 16:15:49,113 - INFO - Starting processing URL: https://www.wuxiabox.com/novel/mortal-cultivation-portable-space_124.html
2024-08-14 16:22:05,155 - INFO - Finished processing URL: https://www.wuxiabox.com/novel/mortal-cultivation-portable-space_124.html
2024-08-14 16:22:05,155 - INFO - Processing URL: https://www.wuxiabox.com/novel/mortal-cultivation-portable-space_125.html
2024-08-14 16:22:05,805 - INFO - Starting processing URL: https://www.wuxiabox.com/novel/mortal-cultivation-portable-space_125.html
2024-08-14 16:28:19,339 - INFO - Finished processing URL: https://www.wuxiabox.com/novel/mortal-cultivation-portable-space_125.html
2024-08-14 16:28:19,339 - INFO - Processing URL: https://www.wuxiabox.com/novel/mortal-cultivation-portable-space_126.html
2024-08-14 16:28:19,977 - INFO - Starting processing URL: https://www.wuxiabox.com/novel/mortal-cultivation-portable-space_126.html
2024-08-14 16:35:07,910 - INFO - Finished processing URL: https://www.wuxiabox.com/novel/mortal-cultivation-portable-space_126.html
2024-08-14 16:35:07,910 - INFO - Processing URL: https://www.wuxiabox.com/novel/mortal-cultivation-portable-space_127.html
2024-08-14 16:35:08,563 - INFO - Starting processing URL: https://www.wuxiabox.com/novel/mortal-cultivation-portable-space_127.html
2024-08-14 16:40:23,570 - INFO - Finished processing URL: https://www.wuxiabox.com/novel/mortal-cultivation-portable-space_127.html
2024-08-14 16:40:23,570 - INFO - Processing URL: https://www.wuxiabox.com/novel/mortal-cultivation-portable-space_128.html
2024-08-14 16:40:25,059 - INFO - Starting processing URL: https://www.wuxiabox.com/novel/mortal-cultivation-portable-space_128.html
2024-08-14 16:43:31,569 - INFO - Finished processing URL: https://www.wuxiabox.com/novel/mortal-cultivation-portable-space_128.html
2024-08-14 16:43:31,569 - INFO - Processing URL: https://www.wuxiabox.com/novel/mortal-cultivation-portable-space_129.html
2024-08-14 16:43:33,136 - INFO - Starting processing URL: https://www.wuxiabox.com/novel/mortal-cultivation-portable-space_129.html
2024-08-14 16:50:19,726 - INFO - Finished processing URL: https://www.wuxiabox.com/novel/mortal-cultivation-portable-space_129.html
2024-08-14 16:50:19,726 - INFO - Processing URL: https://www.wuxiabox.com/novel/mortal-cultivation-portable-space_130.html
2024-08-14 16:50:20,532 - INFO - Starting processing URL: https://www.wuxiabox.com/novel/mortal-cultivation-portable-space_130.html
2024-08-14 16:56:32,481 - INFO - Finished processing URL: https://www.wuxiabox.com/novel/mortal-cultivation-portable-space_130.html
2024-08-14 16:56:32,482 - INFO - Processing URL: https://www.wuxiabox.com/novel/mortal-cultivation-portable-space_131.html
2024-08-14 16:56:33,093 - INFO - Starting processing URL: https://www.wuxiabox.com/novel/mortal-cultivation-portable-space_131.html
2024-08-14 17:02:46,905 - INFO - Finished processing URL: https://www.wuxiabox.com/novel/mortal-cultivation-portable-space_131.html
2024-08-14 17:02:46,905 - INFO - Processing URL: https://www.wuxiabox.com/novel/mortal-cultivation-portable-space_132.html
2024-08-14 17:02:47,704 - INFO - Starting processing URL: https://www.wuxiabox.com/novel/mortal-cultivation-portable-space_132.html
2024-08-14 17:09:38,655 - INFO - Finished processing URL: https://www.wuxiabox.com/novel/mortal-cultivation-portable-space_132.html
2024-08-14 17:09:38,655 - INFO - Processing URL: https://www.wuxiabox.com/novel/mortal-cultivation-portable-space_133.html
2024-08-14 17:09:39,374 - INFO - Starting processing URL: https://www.wuxiabox.com/novel/mortal-cultivation-portable-space_133.html
2024-08-14 17:16:03,304 - INFO - Finished processing URL: https://www.wuxiabox.com/novel/mortal-cultivation-portable-space_133.html
2024-08-14 17:16:03,305 - INFO - Processing URL: https://www.wuxiabox.com/novel/mortal-cultivation-portable-space_134.html
2024-08-14 17:16:03,891 - INFO - Starting processing URL: https://www.wuxiabox.com/novel/mortal-cultivation-portable-space_134.html
2024-08-14 17:22:46,173 - INFO - Finished processing URL: https://www.wuxiabox.com/novel/mortal-cultivation-portable-space_134.html
2024-08-14 17:22:46,173 - INFO - Processing URL: https://www.wuxiabox.com/novel/mortal-cultivation-portable-space_135.html
2024-08-14 17:22:46,911 - INFO - Starting processing URL: https://www.wuxiabox.com/novel/mortal-cultivation-portable-space_135.html
2024-08-14 17:29:06,445 - INFO - Finished processing URL: https://www.wuxiabox.com/novel/mortal-cultivation-portable-space_135.html
2024-08-14 17:29:06,445 - INFO - Processing URL: https://www.wuxiabox.com/novel/mortal-cultivation-portable-space_136.html
2024-08-14 17:29:07,435 - INFO - Starting processing URL: https://www.wuxiabox.com/novel/mortal-cultivation-portable-space_136.html
2024-08-14 17:35:32,531 - INFO - Finished processing URL: https://www.wuxiabox.com/novel/mortal-cultivation-portable-space_136.html
2024-08-14 17:35:32,531 - INFO - Processing URL: https://www.wuxiabox.com/novel/mortal-cultivation-portable-space_137.html
2024-08-14 17:35:33,321 - INFO - Starting processing URL: https://www.wuxiabox.com/novel/mortal-cultivation-portable-space_137.html
2024-08-14 17:42:07,925 - INFO - Finished processing URL: https://www.wuxiabox.com/novel/mortal-cultivation-portable-space_137.html
2024-08-14 17:42:07,925 - INFO - Processing URL: https://www.wuxiabox.com/novel/mortal-cultivation-portable-space_138.html
2024-08-14 17:42:08,577 - INFO - Starting processing URL: https://www.wuxiabox.com/novel/mortal-cultivation-portable-space_138.html
2024-08-14 17:48:41,826 - INFO - Finished processing URL: https://www.wuxiabox.com/novel/mortal-cultivation-portable-space_138.html
2024-08-14 17:48:41,826 - INFO - Processing URL: https://www.wuxiabox.com/novel/mortal-cultivation-portable-space_139.html
2024-08-14 17:48:42,558 - INFO - Starting processing URL: https://www.wuxiabox.com/novel/mortal-cultivation-portable-space_139.html
2024-08-14 17:55:09,766 - INFO - Finished processing URL: https://www.wuxiabox.com/novel/mortal-cultivation-portable-space_139.html
2024-08-14 17:55:09,766 - INFO - Processing URL: https://www.wuxiabox.com/novel/mortal-cultivation-portable-space_140.html
2024-08-14 17:55:10,435 - INFO - Starting processing URL: https://www.wuxiabox.com/novel/mortal-cultivation-portable-space_140.html
2024-08-14 18:04:49,663 - INFO - Finished processing URL: https://www.wuxiabox.com/novel/mortal-cultivation-portable-space_140.html
2024-08-14 18:04:49,664 - INFO - Processing URL: https://www.wuxiabox.com/novel/mortal-cultivation-portable-space_141.html
2024-08-14 18:04:51,233 - INFO - Starting processing URL: https://www.wuxiabox.com/novel/mortal-cultivation-portable-space_141.html
2024-08-14 18:14:13,473 - INFO - Finished processing URL: https://www.wuxiabox.com/novel/mortal-cultivation-portable-space_141.html
2024-08-14 18:14:13,473 - INFO - Processing URL: https://www.wuxiabox.com/novel/mortal-cultivation-portable-space_142.html
2024-08-14 18:14:14,664 - INFO - Starting processing URL: https://www.wuxiabox.com/novel/mortal-cultivation-portable-space_142.html
2024-08-19 03:22:39,357 - INFO - Processing URL: https://www.wuxiabox.com/novel/the-immortal-spiritual-picture_1.html
2024-08-19 03:22:40,050 - INFO - Starting processing URL: https://www.wuxiabox.com/novel/the-immortal-spiritual-picture_1.html
2024-08-19 03:22:55,977 - INFO - Processing URL: https://www.wuxiabox.com/novel/the-immortal-spiritual-picture_1.html
2024-08-19 03:22:56,598 - INFO - Starting processing URL: https://www.wuxiabox.com/novel/the-immortal-spiritual-picture_1.html
2024-08-19 03:45:27,740 - INFO - Processing URL: https://www.wuxiaspot.com/novel/the-immortal-spiritual-picture_1.html
2024-08-19 03:45:28,320 - INFO - Starting processing URL: https://www.wuxiaspot.com/novel/the-immortal-spiritual-picture_1.html
